<?xml version="1.0" encoding="UTF-8"?>
<testsuite name="solutions._1480Test" tests="3" skipped="0" failures="0" errors="0" timestamp="2020-06-25T06:16:55" hostname="qimudeMBP.padavan" time="0.004">
  <properties/>
  <testcase name="test" classname="solutions._1480Test" time="0.003"/>
  <testcase name="test1" classname="solutions._1480Test" time="0.0"/>
  <testcase name="test2" classname="solutions._1480Test" time="0.0"/>
  <system-out><![CDATA[[1, 3, 6, 10]
[3, 4, 6, 16, 17]
[1, 2, 3, 4, 5]
]]></system-out>
  <system-err><![CDATA[]]></system-err>
</testsuite>
